# JRE version: OpenJDK Runtime Environment Temurin-21.0.9+10 (21.0.9+10) (build 21.0.9+10-LTS)
# Java VM: OpenJDK 64-Bit Server VM Temurin-21.0.9+10 (21.0.9+10-LTS, mixed mode, sharing, tiered, compressed oops, compressed class ptrs, parallel gc, windows-amd64)
GC Precious Log:
 CardTable entry size: 512
 CPUs: 8 total, 8 available
 Memory: 7996M
 Large Page Support: Disabled
 NUMA Support: Disabled
 Compressed Oops: Enabled (32-bit)
 Alignments: Space 512K, Generation 512K, Heap 2M
 Heap Min Capacity: 100M
 Heap Initial Capacity: 100M
 Heap Max Capacity: 2G
 Pre-touch: Disabled
 Parallel Workers: 8
Heap:
 PSYoungGen      total 6656K, used 3666K [0x00000000d5580000, 0x00000000d5e80000, 0x0000000100000000)
  eden space 6144K, 52% used [0x00000000d5580000,0x00000000d58a4a60,0x00000000d5b80000)
  from space 512K, 87% used [0x00000000d5e00000,0x00000000d5e70060,0x00000000d5e80000)
  to   space 512K, 0% used [0x00000000d5d80000,0x00000000d5d80000,0x00000000d5e00000)
 ParOldGen       total 1357312K, used 1356907K [0x0000000080000000, 0x00000000d2d80000, 0x00000000d5580000)
  object space 1357312K, 99% used [0x0000000080000000,0x00000000d2d1ae00,0x00000000d2d80000)
 Metaspace       used 74245K, committed 75968K, reserved 1179648K
  class space    used 7880K, committed 8576K, reserved 1048576K
GC Heap History (20 events):
Event: 204.731 GC heap before
{Heap before GC invocations=1586 (full 3):
 PSYoungGen      total 7168K, used 6870K [0x00000000d5580000, 0x00000000d5f00000, 0x0000000100000000)
  eden space 6144K, 99% used [0x00000000d5580000,0x00000000d5b79478,0x00000000d5b80000)
  from space 1024K, 73% used [0x00000000d5e00000,0x00000000d5ebc5b0,0x00000000d5f00000)
  to   space 1536K, 0% used [0x00000000d5c00000,0x00000000d5c00000,0x00000000d5d80000)
 ParOldGen       total 1349632K, used 1349267K [0x0000000080000000, 0x00000000d2600000, 0x00000000d5580000)
  object space 1349632K, 99% used [0x0000000080000000,0x00000000d25a4e58,0x00000000d2600000)
 Metaspace       used 71417K, committed 73024K, reserved 1114112K
  class space    used 7549K, committed 8256K, reserved 1048576K
}
Event: 204.739 GC heap after
{Heap after GC invocations=1586 (full 3):
 PSYoungGen      total 7680K, used 601K [0x00000000d5580000, 0x00000000d5e80000, 0x0000000100000000)
  eden space 6144K, 0% used [0x00000000d5580000,0x00000000d5580000,0x00000000d5b80000)
  from space 1536K, 39% used [0x00000000d5c00000,0x00000000d5c96488,0x00000000d5d80000)
  to   space 1024K, 0% used [0x00000000d5d80000,0x00000000d5d80000,0x00000000d5e80000)
 ParOldGen       total 1350144K, used 1349723K [0x0000000080000000, 0x00000000d2680000, 0x00000000d5580000)
  object space 1350144K, 99% used [0x0000000080000000,0x00000000d2616ec8,0x00000000d2680000)
 Metaspace       used 71417K, committed 73024K, reserved 1114112K
  class space    used 7549K, committed 8256K, reserved 1048576K
}
Event: 204.859 GC heap before
{Heap before GC invocations=1587 (full 3):
 PSYoungGen      total 7680K, used 6738K [0x00000000d5580000, 0x00000000d5e80000, 0x0000000100000000)
  eden space 6144K, 99% used [0x00000000d5580000,0x00000000d5b7e738,0x00000000d5b80000)
  from space 1536K, 39% used [0x00000000d5c00000,0x00000000d5c96488,0x00000000d5d80000)
  to   space 1024K, 0% used [0x00000000d5d80000,0x00000000d5d80000,0x00000000d5e80000)
 ParOldGen       total 1350144K, used 1349723K [0x0000000080000000, 0x00000000d2680000, 0x00000000d5580000)
  object space 1350144K, 99% used [0x0000000080000000,0x00000000d2616ec8,0x00000000d2680000)
 Metaspace       used 71551K, committed 73152K, reserved 1114112K
  class space    used 7567K, committed 8256K, reserved 1048576K
}
Event: 204.868 GC heap after
{Heap after GC invocations=1587 (full 3):
 PSYoungGen      total 7168K, used 953K [0x00000000d5580000, 0x00000000d5e80000, 0x0000000100000000)
  eden space 6144K, 0% used [0x00000000d5580000,0x00000000d5580000,0x00000000d5b80000)
  from space 1024K, 93% used [0x00000000d5d80000,0x00000000d5e6e770,0x00000000d5e80000)
  to   space 1024K, 0% used [0x00000000d5c80000,0x00000000d5c80000,0x00000000d5d80000)
 ParOldGen       total 1351168K, used 1350810K [0x0000000080000000, 0x00000000d2780000, 0x00000000d5580000)
  object space 1351168K, 99% used [0x0000000080000000,0x00000000d2726860,0x00000000d2780000)
 Metaspace       used 71551K, committed 73152K, reserved 1114112K
  class space    used 7567K, committed 8256K, reserved 1048576K
}
Event: 205.010 GC heap before
{Heap before GC invocations=1588 (full 3):
 PSYoungGen      total 7168K, used 7090K [0x00000000d5580000, 0x00000000d5e80000, 0x0000000100000000)
  eden space 6144K, 99% used [0x00000000d5580000,0x00000000d5b7e160,0x00000000d5b80000)
  from space 1024K, 93% used [0x00000000d5d80000,0x00000000d5e6e770,0x00000000d5e80000)
  to   space 1024K, 0% used [0x00000000d5c80000,0x00000000d5c80000,0x00000000d5d80000)
 ParOldGen       total 1351168K, used 1350810K [0x0000000080000000, 0x00000000d2780000, 0x00000000d5580000)
  object space 1351168K, 99% used [0x0000000080000000,0x00000000d2726860,0x00000000d2780000)
 Metaspace       used 71800K, committed 73472K, reserved 1114112K
  class space    used 7607K, committed 8320K, reserved 1048576K
}
Event: 205.023 GC heap after
{Heap after GC invocations=1588 (full 3):
 PSYoungGen      total 7168K, used 1011K [0x00000000d5580000, 0x00000000d6480000, 0x0000000100000000)
  eden space 6144K, 0% used [0x00000000d5580000,0x00000000d5580000,0x00000000d5b80000)
  from space 1024K, 98% used [0x00000000d5c80000,0x00000000d5d7cd90,0x00000000d5d80000)
  to   space 4608K, 0% used [0x00000000d6000000,0x00000000d6000000,0x00000000d6480000)
 ParOldGen       total 1353728K, used 1353426K [0x0000000080000000, 0x00000000d2a00000, 0x00000000d5580000)
  object space 1353728K, 99% used [0x0000000080000000,0x00000000d29b4920,0x00000000d2a00000)
 Metaspace       used 71800K, committed 73472K, reserved 1114112K
  class space    used 7607K, committed 8320K, reserved 1048576K
}
Event: 205.249 GC heap before
{Heap before GC invocations=1589 (full 3):
 PSYoungGen      total 7168K, used 7155K [0x00000000d5580000, 0x00000000d6480000, 0x0000000100000000)
  eden space 6144K, 100% used [0x00000000d5580000,0x00000000d5b80000,0x00000000d5b80000)
  from space 1024K, 98% used [0x00000000d5c80000,0x00000000d5d7cd90,0x00000000d5d80000)
  to   space 4608K, 0% used [0x00000000d6000000,0x00000000d6000000,0x00000000d6480000)
 ParOldGen       total 1353728K, used 1353426K [0x0000000080000000, 0x00000000d2a00000, 0x00000000d5580000)
  object space 1353728K, 99% used [0x0000000080000000,0x00000000d29b4920,0x00000000d2a00000)
 Metaspace       used 72224K, committed 73856K, reserved 1179648K
  class space    used 7664K, committed 8384K, reserved 1048576K
}
Event: 205.258 GC heap after
{Heap after GC invocations=1589 (full 3):
 PSYoungGen      total 8192K, used 1823K [0x00000000d5580000, 0x00000000d6200000, 0x0000000100000000)
  eden space 6144K, 0% used [0x00000000d5580000,0x00000000d5580000,0x00000000d5b80000)
  from space 2048K, 89% used [0x00000000d6000000,0x00000000d61c7fb8,0x00000000d6200000)
  to   space 2560K, 0% used [0x00000000d5d00000,0x00000000d5d00000,0x00000000d5f80000)
 ParOldGen       total 1354752K, used 1354387K [0x0000000080000000, 0x00000000d2b00000, 0x00000000d5580000)
  object space 1354752K, 99% used [0x0000000080000000,0x00000000d2aa4da8,0x00000000d2b00000)
 Metaspace       used 72224K, committed 73856K, reserved 1179648K
  class space    used 7664K, committed 8384K, reserved 1048576K
}
Event: 205.652 GC heap before
{Heap before GC invocations=1590 (full 3):
 PSYoungGen      total 8192K, used 7967K [0x00000000d5580000, 0x00000000d6200000, 0x0000000100000000)
  eden space 6144K, 100% used [0x00000000d5580000,0x00000000d5b80000,0x00000000d5b80000)
  from space 2048K, 89% used [0x00000000d6000000,0x00000000d61c7fb8,0x00000000d6200000)
  to   space 2560K, 0% used [0x00000000d5d00000,0x00000000d5d00000,0x00000000d5f80000)
 ParOldGen       total 1354752K, used 1354387K [0x0000000080000000, 0x00000000d2b00000, 0x00000000d5580000)
  object space 1354752K, 99% used [0x0000000080000000,0x00000000d2aa4da8,0x00000000d2b00000)
 Metaspace       used 72831K, committed 74432K, reserved 1179648K
  class space    used 7749K, committed 8448K, reserved 1048576K
}
Event: 205.665 GC heap after
{Heap after GC invocations=1590 (full 3):
 PSYoungGen      total 7680K, used 1218K [0x00000000d5580000, 0x00000000d6080000, 0x0000000100000000)
  eden space 6144K, 0% used [0x00000000d5580000,0x00000000d5580000,0x00000000d5b80000)
  from space 1536K, 79% used [0x00000000d5d00000,0x00000000d5e30878,0x00000000d5e80000)
  to   space 2048K, 0% used [0x00000000d5e80000,0x00000000d5e80000,0x00000000d6080000)
 ParOldGen       total 1355264K, used 1355145K [0x0000000080000000, 0x00000000d2b80000, 0x00000000d5580000)
  object space 1355264K, 99% used [0x0000000080000000,0x00000000d2b626c0,0x00000000d2b80000)
 Metaspace       used 72831K, committed 74432K, reserved 1179648K
  class space    used 7749K, committed 8448K, reserved 1048576K
}
Event: 205.757 GC heap before
{Heap before GC invocations=1591 (full 3):
 PSYoungGen      total 7680K, used 7362K [0x00000000d5580000, 0x00000000d6080000, 0x0000000100000000)
  eden space 6144K, 100% used [0x00000000d5580000,0x00000000d5b80000,0x00000000d5b80000)
  from space 1536K, 79% used [0x00000000d5d00000,0x00000000d5e30878,0x00000000d5e80000)
  to   space 2048K, 0% used [0x00000000d5e80000,0x00000000d5e80000,0x00000000d6080000)
 ParOldGen       total 1355264K, used 1355145K [0x0000000080000000, 0x00000000d2b80000, 0x00000000d5580000)
  object space 1355264K, 99% used [0x0000000080000000,0x00000000d2b626c0,0x00000000d2b80000)
 Metaspace       used 72994K, committed 74624K, reserved 1179648K
  class space    used 7756K, committed 8448K, reserved 1048576K
}
Event: 205.764 GC heap after
{Heap after GC invocations=1591 (full 3):
 PSYoungGen      total 7168K, used 603K [0x00000000d5580000, 0x00000000d5f80000, 0x0000000100000000)
  eden space 6144K, 0% used [0x00000000d5580000,0x00000000d5580000,0x00000000d5b80000)
  from space 1024K, 58% used [0x00000000d5e80000,0x00000000d5f16e68,0x00000000d5f80000)
  to   space 1024K, 0% used [0x00000000d5d80000,0x00000000d5d80000,0x00000000d5e80000)
 ParOldGen       total 1355776K, used 1355601K [0x0000000080000000, 0x00000000d2c00000, 0x00000000d5580000)
  object space 1355776K, 99% used [0x0000000080000000,0x00000000d2bd46c0,0x00000000d2c00000)
 Metaspace       used 72994K, committed 74624K, reserved 1179648K
  class space    used 7756K, committed 8448K, reserved 1048576K
}
Event: 206.063 GC heap before
{Heap before GC invocations=1592 (full 3):
 PSYoungGen      total 7168K, used 6747K [0x00000000d5580000, 0x00000000d5f80000, 0x0000000100000000)
  eden space 6144K, 100% used [0x00000000d5580000,0x00000000d5b80000,0x00000000d5b80000)
  from space 1024K, 58% used [0x00000000d5e80000,0x00000000d5f16e68,0x00000000d5f80000)
  to   space 1024K, 0% used [0x00000000d5d80000,0x00000000d5d80000,0x00000000d5e80000)
 ParOldGen       total 1355776K, used 1355601K [0x0000000080000000, 0x00000000d2c00000, 0x00000000d5580000)
  object space 1355776K, 99% used [0x0000000080000000,0x00000000d2bd46c0,0x00000000d2c00000)
 Metaspace       used 73262K, committed 74944K, reserved 1179648K
  class space    used 7780K, committed 8512K, reserved 1048576K
}
Event: 206.071 GC heap after
{Heap after GC invocations=1592 (full 3):
 PSYoungGen      total 7168K, used 1001K [0x00000000d5580000, 0x00000000d5f00000, 0x0000000100000000)
  eden space 6144K, 0% used [0x00000000d5580000,0x00000000d5580000,0x00000000d5b80000)
  from space 1024K, 97% used [0x00000000d5d80000,0x00000000d5e7a510,0x00000000d5e80000)
  to   space 512K, 0% used [0x00000000d5e80000,0x00000000d5e80000,0x00000000d5f00000)
 ParOldGen       total 1355776K, used 1355681K [0x0000000080000000, 0x00000000d2c00000, 0x00000000d5580000)
  object space 1355776K, 99% used [0x0000000080000000,0x00000000d2be86c0,0x00000000d2c00000)
 Metaspace       used 73262K, committed 74944K, reserved 1179648K
  class space    used 7780K, committed 8512K, reserved 1048576K
}
Event: 206.963 GC heap before
{Heap before GC invocations=1593 (full 3):
 PSYoungGen      total 7168K, used 7145K [0x00000000d5580000, 0x00000000d5f00000, 0x0000000100000000)
  eden space 6144K, 100% used [0x00000000d5580000,0x00000000d5b80000,0x00000000d5b80000)
  from space 1024K, 97% used [0x00000000d5d80000,0x00000000d5e7a510,0x00000000d5e80000)
  to   space 512K, 0% used [0x00000000d5e80000,0x00000000d5e80000,0x00000000d5f00000)
 ParOldGen       total 1355776K, used 1355681K [0x0000000080000000, 0x00000000d2c00000, 0x00000000d5580000)
  object space 1355776K, 99% used [0x0000000080000000,0x00000000d2be86c0,0x00000000d2c00000)
 Metaspace       used 73502K, committed 75136K, reserved 1179648K
  class space    used 7801K, committed 8512K, reserved 1048576K
}
Event: 206.970 GC heap after
{Heap after GC invocations=1593 (full 3):
 PSYoungGen      total 6656K, used 512K [0x00000000d5580000, 0x00000000d5f00000, 0x0000000100000000)
  eden space 6144K, 0% used [0x00000000d5580000,0x00000000d5580000,0x00000000d5b80000)
  from space 512K, 100% used [0x00000000d5e80000,0x00000000d5f00000,0x00000000d5f00000)
  to   space 1024K, 0% used [0x00000000d5d00000,0x00000000d5d00000,0x00000000d5e00000)
 ParOldGen       total 1356288K, used 1356011K [0x0000000080000000, 0x00000000d2c80000, 0x00000000d5580000)
  object space 1356288K, 99% used [0x0000000080000000,0x00000000d2c3ae00,0x00000000d2c80000)
 Metaspace       used 73502K, committed 75136K, reserved 1179648K
  class space    used 7801K, committed 8512K, reserved 1048576K
}
Event: 402.696 GC heap before
{Heap before GC invocations=1594 (full 3):
 PSYoungGen      total 6656K, used 6655K [0x00000000d5580000, 0x00000000d5f00000, 0x0000000100000000)
  eden space 6144K, 99% used [0x00000000d5580000,0x00000000d5b7fff0,0x00000000d5b80000)
  from space 512K, 100% used [0x00000000d5e80000,0x00000000d5f00000,0x00000000d5f00000)
  to   space 1024K, 0% used [0x00000000d5d00000,0x00000000d5d00000,0x00000000d5e00000)
 ParOldGen       total 1356288K, used 1356011K [0x0000000080000000, 0x00000000d2c80000, 0x00000000d5580000)
  object space 1356288K, 99% used [0x0000000080000000,0x00000000d2c3ae00,0x00000000d2c80000)
 Metaspace       used 74077K, committed 75776K, reserved 1179648K
  class space    used 7879K, committed 8576K, reserved 1048576K
}
Event: 402.745 GC heap after
{Heap after GC invocations=1594 (full 3):
 PSYoungGen      total 7168K, used 512K [0x00000000d5580000, 0x00000000d5f00000, 0x0000000100000000)
  eden space 6144K, 0% used [0x00000000d5580000,0x00000000d5580000,0x00000000d5b80000)
  from space 1024K, 50% used [0x00000000d5d00000,0x00000000d5d80000,0x00000000d5e00000)
  to   space 1024K, 0% used [0x00000000d5e00000,0x00000000d5e00000,0x00000000d5f00000)
 ParOldGen       total 1356800K, used 1356531K [0x0000000080000000, 0x00000000d2d00000, 0x00000000d5580000)
  object space 1356800K, 99% used [0x0000000080000000,0x00000000d2cbce00,0x00000000d2d00000)
 Metaspace       used 74077K, committed 75776K, reserved 1179648K
  class space    used 7879K, committed 8576K, reserved 1048576K
}
Event: 20785.488 GC heap before
{Heap before GC invocations=1595 (full 3):
 PSYoungGen      total 7168K, used 6656K [0x00000000d5580000, 0x00000000d5f00000, 0x0000000100000000)
  eden space 6144K, 100% used [0x00000000d5580000,0x00000000d5b80000,0x00000000d5b80000)
  from space 1024K, 50% used [0x00000000d5d00000,0x00000000d5d80000,0x00000000d5e00000)
  to   space 1024K, 0% used [0x00000000d5e00000,0x00000000d5e00000,0x00000000d5f00000)
 ParOldGen       total 1356800K, used 1356531K [0x0000000080000000, 0x00000000d2d00000, 0x00000000d5580000)
  object space 1356800K, 99% used [0x0000000080000000,0x00000000d2cbce00,0x00000000d2d00000)
 Metaspace       used 74174K, committed 75840K, reserved 1179648K
  class space    used 7880K, committed 8576K, reserved 1048576K
}
Event: 20785.954 GC heap after
{Heap after GC invocations=1595 (full 3):
 PSYoungGen      total 6656K, used 448K [0x00000000d5580000, 0x00000000d5e80000, 0x0000000100000000)
  eden space 6144K, 0% used [0x00000000d5580000,0x00000000d5580000,0x00000000d5b80000)
  from space 512K, 87% used [0x00000000d5e00000,0x00000000d5e70060,0x00000000d5e80000)
  to   space 512K, 0% used [0x00000000d5d80000,0x00000000d5d80000,0x00000000d5e00000)
 ParOldGen       total 1357312K, used 1356907K [0x0000000080000000, 0x00000000d2d80000, 0x00000000d5580000)
  object space 1357312K, 99% used [0x0000000080000000,0x00000000d2d1ae00,0x00000000d2d80000)
 Metaspace       used 74174K, committed 75840K, reserved 1179648K
  class space    used 7880K, committed 8576K, reserved 1048576K
}

